added library class!
finished building Symbol Table!
finished building Type Table Builder!

Global Symbol Table: 04_While_regular.ic
    Class: Test
Children tables: Test

Class Symbol Table: Test
    Virtual method: foo {int, boolean -> int}
    Static method: main {string[] -> void}
Children tables: foo, main

Method Symbol Table: foo
    Parameter: int a
    Parameter: boolean b

Method Symbol Table: main
    Parameter: string[] args

Type Table: 04_While_regular.ic
    1: Primitive type: int
    2: Primitive type: boolean
    4: Primitive type: void
    7: Class: Test
    5: Array type: string[]
    3: Method type: {int, boolean -> int}
    6: Method type: {string[] -> void}

